TN:
SF:/home/alex/workspace/react-example/app/screens/User/components/AlbumList.js
FN:8,(anonymous_0)
FN:13,(anonymous_1)
FN:14,(anonymous_2)
FN:19,(anonymous_3)
FN:23,(anonymous_4)
FN:38,renderAlbums
FN:39,(anonymous_6)
FNF:7
FNH:7
FNDA:3,(anonymous_0)
FNDA:3,(anonymous_1)
FNDA:3,(anonymous_2)
FNDA:3,(anonymous_3)
FNDA:6,(anonymous_4)
FNDA:6,renderAlbums
FNDA:17,(anonymous_6)
DA:9,3
DA:10,3
DA:14,3
DA:15,3
DA:20,3
DA:24,6
DA:25,6
DA:33,1
DA:36,1
DA:39,17
LF:10
LH:10
BRF:0
BRH:0
end_of_record
TN:
SF:/home/alex/workspace/react-example/app/screens/User/components/AlbumListItem.js
FN:6,(anonymous_0)
FN:11,(anonymous_1)
FN:19,(anonymous_2)
FNF:3
FNH:2
FNDA:19,(anonymous_0)
FNDA:0,(anonymous_1)
FNDA:20,(anonymous_2)
DA:7,19
DA:8,19
DA:12,0
DA:13,0
DA:15,0
DA:20,20
DA:21,20
DA:33,1
DA:42,1
LF:9
LH:6
BRDA:12,0,0,0
BRDA:12,0,1,0
BRDA:26,1,0,20
BRDA:26,1,1,0
BRF:4
BRH:1
end_of_record
TN:
SF:/home/alex/workspace/react-example/app/screens/User/components/PhotoList.js
FN:6,(anonymous_0)
FN:11,(anonymous_1)
FN:13,(anonymous_2)
FN:18,(anonymous_3)
FN:22,(anonymous_4)
FN:41,renderPhotos
FN:42,(anonymous_6)
FNF:7
FNH:7
FNDA:3,(anonymous_0)
FNDA:3,(anonymous_1)
FNDA:3,(anonymous_2)
FNDA:3,(anonymous_3)
FNDA:6,(anonymous_4)
FNDA:6,renderPhotos
FNDA:33,(anonymous_6)
DA:7,3
DA:8,3
DA:12,3
DA:13,3
DA:14,3
DA:19,3
DA:23,6
DA:24,6
DA:34,1
DA:39,1
DA:42,33
LF:11
LH:11
BRF:0
BRH:0
end_of_record
TN:
SF:/home/alex/workspace/react-example/app/screens/User/components/PhotoListItem.js
FN:7,PhotoListItem
FNF:1
FNH:1
FNDA:34,PhotoListItem
DA:8,34
DA:14,1
DA:24,1
LF:3
LH:3
BRF:0
BRH:0
end_of_record
TN:
SF:/home/alex/workspace/react-example/app/screens/User/components/User.js
FN:6,(anonymous_0)
FN:11,(anonymous_1)
FN:14,(anonymous_2)
FN:19,(anonymous_3)
FN:23,(anonymous_4)
FNF:5
FNH:4
FNDA:19,(anonymous_0)
FNDA:19,(anonymous_1)
FNDA:0,(anonymous_2)
FNDA:19,(anonymous_3)
FNDA:20,(anonymous_4)
DA:7,19
DA:8,19
DA:12,19
DA:13,19
DA:15,0
DA:20,19
DA:24,20
DA:25,20
DA:31,1
LF:9
LH:8
BRF:0
BRH:0
end_of_record
TN:
SF:/home/alex/workspace/react-example/app/utils/albums-api.js
FN:8,getAlbums
FN:10,(anonymous_1)
FNF:2
FNH:2
FNDA:1,getAlbums
FNDA:1,(anonymous_1)
DA:4,1
DA:9,1
DA:10,1
LF:3
LH:3
BRF:0
BRH:0
end_of_record
TN:
SF:/home/alex/workspace/react-example/app/utils/photos-api.js
FN:8,getPhotos
FN:10,(anonymous_1)
FNF:2
FNH:2
FNDA:1,getPhotos
FNDA:1,(anonymous_1)
DA:4,1
DA:9,1
DA:10,1
LF:3
LH:3
BRF:0
BRH:0
end_of_record
TN:
SF:/home/alex/workspace/react-example/app/utils/user-api.js
FN:8,getUser
FN:10,(anonymous_1)
FNF:2
FNH:2
FNDA:20,getUser
FNDA:1,(anonymous_1)
DA:4,1
DA:9,20
DA:10,20
LF:3
LH:3
BRF:0
BRH:0
end_of_record
