TN:
SF:/home/alex/workspace/react-example/app/screens/User/components/CommentList.js
FN:6,(anonymous_0)
FN:11,(anonymous_1)
FN:13,(anonymous_2)
FN:18,(anonymous_3)
FN:22,(anonymous_4)
FN:41,renderComments
FN:42,(anonymous_6)
FNF:7
FNH:7
FNDA:3,(anonymous_0)
FNDA:3,(anonymous_1)
FNDA:3,(anonymous_2)
FNDA:3,(anonymous_3)
FNDA:6,(anonymous_4)
FNDA:6,renderComments
FNDA:12,(anonymous_6)
DA:7,3
DA:8,3
DA:12,3
DA:13,3
DA:14,3
DA:19,3
DA:23,6
DA:24,6
DA:34,1
DA:39,1
DA:42,12
LF:11
LH:11
BRF:0
BRH:0
end_of_record
TN:
SF:/home/alex/workspace/react-example/app/screens/User/components/CommentListItem.js
FN:7,CommentListItem
FNF:1
FNH:1
FNDA:13,CommentListItem
DA:8,13
DA:17,1
DA:27,1
LF:3
LH:3
BRF:0
BRH:0
end_of_record
TN:
SF:/home/alex/workspace/react-example/app/screens/User/components/PostList.js
FN:7,(anonymous_0)
FN:12,(anonymous_1)
FN:13,(anonymous_2)
FN:18,(anonymous_3)
FN:22,(anonymous_4)
FN:37,renderPosts
FN:38,(anonymous_6)
FNF:7
FNH:7
FNDA:3,(anonymous_0)
FNDA:3,(anonymous_1)
FNDA:3,(anonymous_2)
FNDA:3,(anonymous_3)
FNDA:6,(anonymous_4)
FNDA:6,renderPosts
FNDA:33,(anonymous_6)
DA:8,3
DA:9,3
DA:13,3
DA:14,3
DA:19,3
DA:23,6
DA:24,6
DA:32,1
DA:35,1
DA:38,33
LF:10
LH:10
BRF:0
BRH:0
end_of_record
TN:
SF:/home/alex/workspace/react-example/app/screens/User/components/PostListItem.js
FN:6,(anonymous_0)
FN:11,(anonymous_1)
FN:19,(anonymous_2)
FNF:3
FNH:2
FNDA:35,(anonymous_0)
FNDA:0,(anonymous_1)
FNDA:36,(anonymous_2)
DA:7,35
DA:8,35
DA:12,0
DA:13,0
DA:15,0
DA:20,36
DA:21,36
DA:42,1
DA:52,1
LF:9
LH:6
BRDA:12,0,0,0
BRDA:12,0,1,0
BRDA:35,1,0,36
BRDA:35,1,1,0
BRF:4
BRH:1
end_of_record
TN:
SF:/home/alex/workspace/react-example/app/utils/comments-api.js
FN:8,getComments
FN:10,(anonymous_1)
FNF:2
FNH:2
FNDA:1,getComments
FNDA:1,(anonymous_1)
DA:4,1
DA:9,1
DA:10,1
LF:3
LH:3
BRF:0
BRH:0
end_of_record
TN:
SF:/home/alex/workspace/react-example/app/utils/posts-api.js
FN:8,getPosts
FN:10,(anonymous_1)
FNF:2
FNH:2
FNDA:1,getPosts
FNDA:1,(anonymous_1)
DA:4,1
DA:9,1
DA:10,1
LF:3
LH:3
BRF:0
BRH:0
end_of_record
TN:
SF:/home/alex/workspace/react-example/app/utils/user-api.js
FN:8,getUser
FN:10,(anonymous_1)
FNF:2
FNH:2
FNDA:1,getUser
FNDA:1,(anonymous_1)
DA:4,1
DA:9,1
DA:10,1
LF:3
LH:3
BRF:0
BRH:0
end_of_record
